<?xml version="1.0" encoding="UTF-8"?>
<!-- Generated by org.testng.reporters.JUnitReportReporter -->
<testsuite hostname="Dell" name="tests.TestWebsite" tests="3" failures="0" timestamp="14 Nov 2015 10:58:48 GMT" time="162.481" errors="0">
  <testcase name="test_02" time="58.285" classname="tests.TestWebsite"/>
  <testcase name="test_03" time="45.347" classname="tests.TestWebsite"/>
  <testcase name="test_01" time="58.849" classname="tests.TestWebsite"/>
</testsuite> <!-- tests.TestWebsite -->
