<?xml version="1.0" encoding="UTF-8"?>
<!-- Generated by org.testng.reporters.JUnitReportReporter -->
<testsuite hostname="Dell" name="myPackage.TestWebsite" tests="3" failures="0" timestamp="14 Nov 2015 10:34:26 GMT" time="246.080" errors="0">
  <testcase name="test_01" time="90.162" classname="myPackage.TestWebsite"/>
  <testcase name="test_03" time="46.012" classname="myPackage.TestWebsite"/>
  <testcase name="test_02" time="109.906" classname="myPackage.TestWebsite"/>
</testsuite> <!-- myPackage.TestWebsite -->
