<?xml version="1.0" encoding="UTF-8"?>
<!-- Generated by org.testng.reporters.JUnitReportReporter -->
<testsuite hostname="Dell" name="tests.TestHomePage" tests="1" failures="0" timestamp="14 Nov 2015 10:58:48 GMT" time="42.175" errors="0">
  <testcase name="test_01" time="42.175" classname="tests.TestHomePage"/>
</testsuite> <!-- tests.TestHomePage -->
